<?xml version="1.0" encoding="UTF-8"?>
<!-- Generated by org.testng.reporters.JUnitReportReporter -->
<testsuite hostname="DESKTOP-UV019DA" failures="0" tests="2" name="unitTests.TestCodeCove" time="0.052" errors="0" timestamp="2023-06-27T16:52:47 IST" skipped="0">
  <testcase classname="unitTests.TestCodeCove" name="positiveTestCase" time="0.002"/>
  <testcase classname="unitTests.TestCodeCove" name="negativeTestCase" time="0.050"/>
</testsuite> <!-- unitTests.TestCodeCove -->
